[s6-init] making user provided files available at /var/run/s6/etc...exited 0.
[s6-init] ensuring user provided files have correct perms...exited 0.
[fix-attrs.d] applying ownership & permissions fixes...
[fix-attrs.d] done.
[cont-init.d] executing container initialization scripts...
[cont-init.d] done.
[services.d] starting services
[services.d] done.
/opt/bin/serf agent --join ha --tag role=backend
==> Starting Serf agent...
==> Starting Serf agent RPC...
==> Serf agent running!
         Node name: 'd6951439a22f'
         Bind addr: '0.0.0.0:7946'
          RPC addr: '127.0.0.1:7373'
         Encrypted: false
          Snapshot: false
           Profile: lan
==> Joining cluster...(replay: false)
Application started
    Join completed. Synced with 1 initial agents

==> Log data will now stream in as it occurs:

    2016/12/09 10:28:06 [INFO] agent: Serf agent starting
    2016/12/09 10:28:06 [INFO] serf: EventMemberJoin: d6951439a22f 172.18.0.3
    2016/12/09 10:28:06 [INFO] agent: joining: [ha] replay: false
    2016/12/09 10:28:07 [INFO] agent: Received event: member-join
    2016/12/09 10:28:07 [INFO] serf: EventMemberJoin: 054df5086ba6 172.18.0.4
    2016/12/09 10:28:07 [INFO] agent: joined: 1 nodes
    2016/12/09 10:28:08 [INFO] serf: EventMemberJoin: 2a7480137c1e 172.18.0.2
    2016/12/09 10:28:09 [INFO] agent: Received event: member-join
