[
    {
        "Id": "97f5e94761bf5a383b2cfb58e892cf7b5891ba453738cf07cce21f35ce45b00d",
        "Created": "2016-12-13T12:38:58.268934721Z",
        "Path": "/init",
        "Args": [],
        "State": {
            "Status": "running",
            "Running": true,
            "Paused": false,
            "Restarting": false,
            "OOMKilled": false,
            "Dead": false,
            "Pid": 11286,
            "ExitCode": 0,
            "Error": "",
            "StartedAt": "2016-12-13T12:38:58.848980832Z",
            "FinishedAt": "0001-01-01T00:00:00Z"
        },
        "Image": "sha256:9e8c51487b9acf06190bf4fb8c709cb6a16bab0aa6865a04433b81ead6ba1114",
        "ResolvConfPath": "/var/lib/docker/containers/97f5e94761bf5a383b2cfb58e892cf7b5891ba453738cf07cce21f35ce45b00d/resolv.conf",
        "HostnamePath": "/var/lib/docker/containers/97f5e94761bf5a383b2cfb58e892cf7b5891ba453738cf07cce21f35ce45b00d/hostname",
        "HostsPath": "/var/lib/docker/containers/97f5e94761bf5a383b2cfb58e892cf7b5891ba453738cf07cce21f35ce45b00d/hosts",
        "LogPath": "/var/lib/docker/containers/97f5e94761bf5a383b2cfb58e892cf7b5891ba453738cf07cce21f35ce45b00d/97f5e94761bf5a383b2cfb58e892cf7b5891ba453738cf07cce21f35ce45b00d-json.log",
        "Name": "/ha",
        "RestartCount": 0,
        "Driver": "aufs",
        "MountLabel": "",
        "ProcessLabel": "",
        "AppArmorProfile": "",
        "ExecIDs": null,
        "HostConfig": {
            "Binds": null,
            "ContainerIDFile": "",
            "LogConfig": {
                "Type": "json-file",
                "Config": {}
            },
            "NetworkMode": "heig",
            "PortBindings": {
                "1936/tcp": [
                    {
                        "HostIp": "",
                        "HostPort": "1936"
                    }
                ],
                "80/tcp": [
                    {
                        "HostIp": "",
                        "HostPort": "80"
                    }
                ],
                "9999/tcp": [
                    {
                        "HostIp": "",
                        "HostPort": "9999"
                    }
                ]
            },
            "RestartPolicy": {
                "Name": "no",
                "MaximumRetryCount": 0
            },
            "AutoRemove": false,
            "VolumeDriver": "",
            "VolumesFrom": null,
            "CapAdd": null,
            "CapDrop": null,
            "Dns": [],
            "DnsOptions": [],
            "DnsSearch": [],
            "ExtraHosts": null,
            "GroupAdd": null,
            "IpcMode": "",
            "Cgroup": "",
            "Links": null,
            "OomScoreAdj": 0,
            "PidMode": "",
            "Privileged": false,
            "PublishAllPorts": false,
            "ReadonlyRootfs": false,
            "SecurityOpt": null,
            "UTSMode": "",
            "UsernsMode": "",
            "ShmSize": 67108864,
            "Runtime": "runc",
            "ConsoleSize": [
                0,
                0
            ],
            "Isolation": "",
            "CpuShares": 0,
            "Memory": 0,
            "CgroupParent": "",
            "BlkioWeight": 0,
            "BlkioWeightDevice": null,
            "BlkioDeviceReadBps": null,
            "BlkioDeviceWriteBps": null,
            "BlkioDeviceReadIOps": null,
            "BlkioDeviceWriteIOps": null,
            "CpuPeriod": 0,
            "CpuQuota": 0,
            "CpusetCpus": "",
            "CpusetMems": "",
            "Devices": [],
            "DiskQuota": 0,
            "KernelMemory": 0,
            "MemoryReservation": 0,
            "MemorySwap": 0,
            "MemorySwappiness": -1,
            "OomKillDisable": false,
            "PidsLimit": 0,
            "Ulimits": null,
            "CpuCount": 0,
            "CpuPercent": 0,
            "IOMaximumIOps": 0,
            "IOMaximumBandwidth": 0
        },
        "GraphDriver": {
            "Name": "aufs",
            "Data": null
        },
        "Mounts": [],
        "Config": {
            "Hostname": "97f5e94761bf",
            "Domainname": "",
            "User": "",
            "AttachStdin": false,
            "AttachStdout": false,
            "AttachStderr": false,
            "ExposedPorts": {
                "1936/tcp": {},
                "7373/tcp": {},
                "7946/tcp": {},
                "80/tcp": {},
                "9999/tcp": {}
            },
            "Tty": false,
            "OpenStdin": false,
            "StdinOnce": false,
            "Env": [
                "PATH=/usr/local/sbin:/usr/local/bin:/usr/sbin:/usr/bin:/sbin:/bin",
                "HAPROXY_MAJOR=1.5",
                "HAPROXY_VERSION=1.5.18",
                "HAPROXY_MD5=21d35f114583ef731bc96af05b46c75a",
                "ROLE=balancer"
            ],
            "Cmd": null,
            "Image": "softengheigvd/ha",
            "Volumes": null,
            "WorkingDir": "",
            "Entrypoint": [
                "/init"
            ],
            "OnBuild": null,
            "Labels": {}
        },
        "NetworkSettings": {
            "Bridge": "",
            "SandboxID": "e14bf65d30e5d9523e3abe1700a5f0b4ad86c19e2c5024610b0a3bb0332217b2",
            "HairpinMode": false,
            "LinkLocalIPv6Address": "",
            "LinkLocalIPv6PrefixLen": 0,
            "Ports": {
                "1936/tcp": [
                    {
                        "HostIp": "0.0.0.0",
                        "HostPort": "1936"
                    }
                ],
                "7373/tcp": null,
                "7946/tcp": null,
                "80/tcp": [
                    {
                        "HostIp": "0.0.0.0",
                        "HostPort": "80"
                    }
                ],
                "9999/tcp": [
                    {
                        "HostIp": "0.0.0.0",
                        "HostPort": "9999"
                    }
                ]
            },
            "SandboxKey": "/var/run/docker/netns/e14bf65d30e5",
            "SecondaryIPAddresses": null,
            "SecondaryIPv6Addresses": null,
            "EndpointID": "",
            "Gateway": "",
            "GlobalIPv6Address": "",
            "GlobalIPv6PrefixLen": 0,
            "IPAddress": "",
            "IPPrefixLen": 0,
            "IPv6Gateway": "",
            "MacAddress": "",
            "Networks": {
                "heig": {
                    "IPAMConfig": null,
                    "Links": null,
                    "Aliases": [
                        "97f5e94761bf"
                    ],
                    "NetworkID": "eec2c2803bc966da259853ccbc7e52b28d4da4be647a4cdc00c99998419da09b",
                    "EndpointID": "62acd031c7c17e7575670a07670d41fa6c1eb4a00e1592041f6cd7b84f61b998",
                    "Gateway": "172.18.0.1",
                    "IPAddress": "172.18.0.2",
                    "IPPrefixLen": 16,
                    "IPv6Gateway": "",
                    "GlobalIPv6Address": "",
                    "GlobalIPv6PrefixLen": 0,
                    "MacAddress": "02:42:ac:12:00:02"
                }
            }
        }
    }
]
