[
    {
        "Id": "7394a1bb5306ec37fdd2b1dfb0853a0979be1a2388bb83470a677dd4e43bea0e",
        "Created": "2016-12-13T12:39:05.774303535Z",
        "Path": "/init",
        "Args": [],
        "State": {
            "Status": "running",
            "Running": true,
            "Paused": false,
            "Restarting": false,
            "OOMKilled": false,
            "Dead": false,
            "Pid": 11538,
            "ExitCode": 0,
            "Error": "",
            "StartedAt": "2016-12-13T12:39:06.277777695Z",
            "FinishedAt": "0001-01-01T00:00:00Z"
        },
        "Image": "sha256:a2c84211e21834b1f39bc1c6623c93e23913532c4e3d5d16274e44add9e92989",
        "ResolvConfPath": "/var/lib/docker/containers/7394a1bb5306ec37fdd2b1dfb0853a0979be1a2388bb83470a677dd4e43bea0e/resolv.conf",
        "HostnamePath": "/var/lib/docker/containers/7394a1bb5306ec37fdd2b1dfb0853a0979be1a2388bb83470a677dd4e43bea0e/hostname",
        "HostsPath": "/var/lib/docker/containers/7394a1bb5306ec37fdd2b1dfb0853a0979be1a2388bb83470a677dd4e43bea0e/hosts",
        "LogPath": "/var/lib/docker/containers/7394a1bb5306ec37fdd2b1dfb0853a0979be1a2388bb83470a677dd4e43bea0e/7394a1bb5306ec37fdd2b1dfb0853a0979be1a2388bb83470a677dd4e43bea0e-json.log",
        "Name": "/s1",
        "RestartCount": 0,
        "Driver": "aufs",
        "MountLabel": "",
        "ProcessLabel": "",
        "AppArmorProfile": "",
        "ExecIDs": null,
        "HostConfig": {
            "Binds": null,
            "ContainerIDFile": "",
            "LogConfig": {
                "Type": "json-file",
                "Config": {}
            },
            "NetworkMode": "heig",
            "PortBindings": {},
            "RestartPolicy": {
                "Name": "no",
                "MaximumRetryCount": 0
            },
            "AutoRemove": false,
            "VolumeDriver": "",
            "VolumesFrom": null,
            "CapAdd": null,
            "CapDrop": null,
            "Dns": [],
            "DnsOptions": [],
            "DnsSearch": [],
            "ExtraHosts": null,
            "GroupAdd": null,
            "IpcMode": "",
            "Cgroup": "",
            "Links": null,
            "OomScoreAdj": 0,
            "PidMode": "",
            "Privileged": false,
            "PublishAllPorts": false,
            "ReadonlyRootfs": false,
            "SecurityOpt": null,
            "UTSMode": "",
            "UsernsMode": "",
            "ShmSize": 67108864,
            "Runtime": "runc",
            "ConsoleSize": [
                0,
                0
            ],
            "Isolation": "",
            "CpuShares": 0,
            "Memory": 0,
            "CgroupParent": "",
            "BlkioWeight": 0,
            "BlkioWeightDevice": null,
            "BlkioDeviceReadBps": null,
            "BlkioDeviceWriteBps": null,
            "BlkioDeviceReadIOps": null,
            "BlkioDeviceWriteIOps": null,
            "CpuPeriod": 0,
            "CpuQuota": 0,
            "CpusetCpus": "",
            "CpusetMems": "",
            "Devices": [],
            "DiskQuota": 0,
            "KernelMemory": 0,
            "MemoryReservation": 0,
            "MemorySwap": 0,
            "MemorySwappiness": -1,
            "OomKillDisable": false,
            "PidsLimit": 0,
            "Ulimits": null,
            "CpuCount": 0,
            "CpuPercent": 0,
            "IOMaximumIOps": 0,
            "IOMaximumBandwidth": 0
        },
        "GraphDriver": {
            "Name": "aufs",
            "Data": null
        },
        "Mounts": [],
        "Config": {
            "Hostname": "7394a1bb5306",
            "Domainname": "",
            "User": "",
            "AttachStdin": false,
            "AttachStdout": false,
            "AttachStderr": false,
            "ExposedPorts": {
                "3000/tcp": {},
                "7373/tcp": {},
                "7946/tcp": {}
            },
            "Tty": false,
            "OpenStdin": false,
            "StdinOnce": false,
            "Env": [
                "PATH=/usr/local/sbin:/usr/local/bin:/usr/sbin:/usr/bin:/sbin:/bin",
                "NODE_VERSION=0.12.2",
                "NPM_VERSION=2.9.1",
                "ROLE=backend"
            ],
            "Cmd": null,
            "Image": "softengheigvd/webapp",
            "Volumes": null,
            "WorkingDir": "",
            "Entrypoint": [
                "/init"
            ],
            "OnBuild": null,
            "Labels": {}
        },
        "NetworkSettings": {
            "Bridge": "",
            "SandboxID": "3c471aef65fed16244c6642042e33fc408d5690d8ca493a5297bc50cd16e2efc",
            "HairpinMode": false,
            "LinkLocalIPv6Address": "",
            "LinkLocalIPv6PrefixLen": 0,
            "Ports": {
                "3000/tcp": null,
                "7373/tcp": null,
                "7946/tcp": null
            },
            "SandboxKey": "/var/run/docker/netns/3c471aef65fe",
            "SecondaryIPAddresses": null,
            "SecondaryIPv6Addresses": null,
            "EndpointID": "",
            "Gateway": "",
            "GlobalIPv6Address": "",
            "GlobalIPv6PrefixLen": 0,
            "IPAddress": "",
            "IPPrefixLen": 0,
            "IPv6Gateway": "",
            "MacAddress": "",
            "Networks": {
                "heig": {
                    "IPAMConfig": null,
                    "Links": null,
                    "Aliases": [
                        "7394a1bb5306"
                    ],
                    "NetworkID": "eec2c2803bc966da259853ccbc7e52b28d4da4be647a4cdc00c99998419da09b",
                    "EndpointID": "1bae59075b4f4ac19b7ec6a1533fecd2b9d2ef7c8b0112a4f4cc5b5cd0029f8c",
                    "Gateway": "172.18.0.1",
                    "IPAddress": "172.18.0.3",
                    "IPPrefixLen": 16,
                    "IPv6Gateway": "",
                    "GlobalIPv6Address": "",
                    "GlobalIPv6PrefixLen": 0,
                    "MacAddress": "02:42:ac:12:00:03"
                }
            }
        }
    }
]
